<?xml version="1.0" encoding="UTF-8"?>
<testng-results ignored="0" total="0" passed="0" failed="0" skipped="0">
  <reporter-output>
  </reporter-output>
  <suite started-at="2021-08-18T21:10:18 MSK" name="Report Portal" finished-at="2021-08-18T21:10:18 MSK" duration-ms="9">
    <groups>
    </groups>
    <test started-at="2021-08-18T21:10:18 MSK" name="report portal regression tests" finished-at="2021-08-18T21:10:18 MSK" duration-ms="9">
    </test> <!-- report portal regression tests -->
  </suite> <!-- Report Portal -->
</testng-results>
